<?xml version="1.0" encoding="UTF-8"?>
<!-- Generated by org.testng.reporters.JUnitReportReporter -->
<testsuite hostname="LAPTOP-BCBO1JTN" failures="0" tests="1" name="testCases.TC001_AccountRegistrationTest" time="5.229" errors="0" timestamp="2024-12-12T12:50:57 IST" skipped="0">
  <testcase classname="testCases.TC001_AccountRegistrationTest" name="verify_account_registration" time="5.229"/>
</testsuite> <!-- testCases.TC001_AccountRegistrationTest -->
